\BOOKMARK [1][-]{section.1}{\376\377\000I\000n\000t\000r\000o\000d\000u\000c\000t\000i\000o\000n}{}% 1
\BOOKMARK [2][-]{subsection.1.1}{\376\377\170\024\172\166\200\314\146\157}{section.1}% 2
\BOOKMARK [2][-]{subsection.1.2}{\376\377\176\257\171\136\176\317\143\250\164\006\166\204\134\100\226\120\140\047}{section.1}% 3
\BOOKMARK [2][-]{subsection.1.3}{\376\377\171\136\176\317\173\046\123\367\145\271\154\325}{section.1}% 4
\BOOKMARK [2][-]{subsection.1.4}{\376\377\122\006\153\145\165\037\142\020\116\016\000\040\000C\000a\000s\000e\000\040\232\161\122\250\150\041\232\214}{section.1}% 5
\BOOKMARK [1][-]{section.2}{\376\377\000R\000e\000l\000a\000t\000e\000d\000\040\000W\000o\000r\000k}{}% 6
\BOOKMARK [2][-]{subsection.2.1}{\376\377\131\015\147\102\143\007\116\344\116\016\211\304\122\031\137\025\133\374\143\250\164\006}{section.2}% 7
\BOOKMARK [2][-]{subsection.2.2}{\376\377\171\136\176\317\173\046\123\367\176\323\124\010\166\204\143\250\164\006}{section.2}% 8
\BOOKMARK [2][-]{subsection.2.3}{\376\377\146\172\200\375\117\123\123\117\117\134\116\016\135\345\121\167\130\236\137\072}{section.2}% 9
\BOOKMARK [2][-]{subsection.2.4}{\376\377\147\054\135\345\117\134\116\016\163\260\147\011\135\345\117\134\166\204\123\072\122\053}{section.2}% 10
\BOOKMARK [3][-]{section*.1}{\376\377\127\072\146\157\116\016\145\160\143\156\226\306}{subsection.2.4}% 11
\BOOKMARK [3][-]{section*.2}{\376\377\145\271\154\325\116\016\150\106\147\266}{subsection.2.4}% 12
\BOOKMARK [1][-]{section.3}{\376\377\000M\000e\000t\000h\000o\000d\000o\000l\000o\000g\000y}{}% 13
\BOOKMARK [2][-]{subsection.3.1}{\376\377\116\373\122\241\136\372\152\041\116\016\137\142\137\017\123\026\133\232\116\111}{section.3}% 14
\BOOKMARK [2][-]{subsection.3.2}{\376\377\127\372\116\216\000\040\000A\000u\000t\000o\000G\000e\000n\000\040\166\204\131\032\146\172\200\375\117\123\123\117\117\134}{section.3}% 15
\BOOKMARK [3][-]{section*.3}{\376\377\127\372\116\216\000\040\000A\000u\000t\000o\000G\000e\000n\000\040\166\204\131\032\146\172\200\375\117\123\123\117\117\134}{subsection.3.2}% 16
\BOOKMARK [3][-]{section*.4}{\376\377\155\113\213\325\150\067\117\213\213\276\213\241\146\172\200\375\117\123\000\040\000\050\000S\000a\000m\000p\000l\000e\000\040\000A\000g\000e\000n\000t\000\051}{subsection.3.2}% 17
\BOOKMARK [3][-]{section*.5}{\376\377\116\343\170\001\155\113\213\325\146\172\200\375\117\123\000\040\000\050\000T\000e\000s\000t\000e\000r\000\040\000A\000g\000e\000n\000t\000\051}{subsection.3.2}% 18
\BOOKMARK [2][-]{subsection.3.3}{\376\377\150\070\137\303\147\072\122\066\377\032\162\151\164\006\123\315\231\210\116\016\201\352\117\356\131\015\137\252\163\257}{section.3}% 19
\BOOKMARK [1][-]{section.4}{\376\377\000E\000x\000p\000e\000r\000i\000m\000e\000n\000t\000s}{}% 20
\BOOKMARK [2][-]{subsection.4.1}{\376\377\133\236\232\214\213\276\177\156\116\016\145\160\143\156\226\306}{section.4}% 21
\BOOKMARK [2][-]{subsection.4.2}{\376\377\211\304\122\031\211\304\152\041\133\371\152\041\127\213\200\375\122\233\166\204\137\161\124\315}{section.4}% 22
\BOOKMARK [2][-]{subsection.4.3}{\376\377\116\073\133\236\232\214\176\323\147\234\122\006\147\220}{section.4}% 23
\BOOKMARK [2][-]{subsection.4.4}{\376\377\150\110\117\213\122\006\147\220\377\032\116\316\131\061\215\045\122\060\142\020\122\237\166\204\225\355\163\257}{section.4}% 24
\BOOKMARK [2][-]{subsection.4.5}{\376\377\145\110\163\207\143\137\200\027\122\006\147\220\116\016\135\345\172\013\164\366\230\210}{section.4}% 25
\BOOKMARK [3][-]{section*.6}{\376\377\000C\000a\000m\000e\000r\000a\000-\000R\000e\000a\000d\000y\000\040\000P\000a\000p\000e\000r\000s}{subsection.4.5}% 26
\BOOKMARK [2][-]{subsection.4.6}{\376\377\000T\000i\000t\000l\000e\000\040\000a\000n\000d\000\040\000A\000u\000t\000h\000o\000r\000\040\000I\000n\000f\000o\000r\000m\000a\000t\000i\000o\000n}{section.4}% 27
\BOOKMARK [3][-]{section*.7}{\376\377\000A\000u\000t\000h\000o\000r\000\040\000N\000a\000m\000e\000s}{subsection.4.6}% 28
\BOOKMARK [3][-]{section*.8}{\376\377\000A\000f\000f\000i\000l\000i\000a\000t\000i\000o\000n\000s}{subsection.4.6}% 29
\BOOKMARK [3][-]{section*.9}{\376\377\000M\000a\000p\000p\000i\000n\000g\000\040\000A\000u\000t\000h\000o\000r\000s\000\040\000t\000o\000\040\000A\000f\000f\000i\000l\000i\000a\000t\000i\000o\000n\000s}{subsection.4.6}% 30
\BOOKMARK [3][-]{section*.10}{\376\377\000E\000m\000a\000i\000l\000s}{subsection.4.6}% 31
\BOOKMARK [3][-]{section*.11}{\376\377\000M\000o\000d\000i\000f\000i\000c\000a\000t\000i\000o\000n\000s\000\040\000f\000o\000r\000\040\000B\000l\000i\000n\000d\000\040\000R\000e\000v\000i\000e\000w}{subsection.4.6}% 32
\BOOKMARK [2][-]{subsection.4.7}{\376\377\000A\000b\000s\000t\000r\000a\000c\000t}{section.4}% 33
\BOOKMARK [2][-]{subsection.4.8}{\376\377\000T\000e\000x\000t}{section.4}% 34
\BOOKMARK [2][-]{subsection.4.9}{\376\377\000H\000e\000a\000d\000i\000n\000g\000s\000\040\000a\000n\000d\000\040\000S\000e\000c\000t\000i\000o\000n\000s}{section.4}% 35
\BOOKMARK [3][-]{section*.12}{\376\377\000S\000e\000c\000t\000i\000o\000n\000\040\000H\000e\000a\000d\000i\000n\000g\000s}{subsection.4.9}% 36
\BOOKMARK [3][-]{section*.13}{\376\377\000S\000u\000b\000s\000e\000c\000t\000i\000o\000n\000\040\000H\000e\000a\000d\000i\000n\000g\000s}{subsection.4.9}% 37
\BOOKMARK [3][-]{section*.14}{\376\377\000S\000u\000b\000s\000u\000b\000s\000e\000c\000t\000i\000o\000n\000\040\000H\000e\000a\000d\000i\000n\000g\000s}{subsection.4.9}% 38
\BOOKMARK [2][-]{subsection.4.10}{\376\377\000S\000p\000e\000c\000i\000a\000l\000\040\000S\000e\000c\000t\000i\000o\000n\000s}{section.4}% 39
\BOOKMARK [3][-]{section*.16}{\376\377\000A\000p\000p\000e\000n\000d\000i\000c\000e\000s}{subsection.4.10}% 40
\BOOKMARK [3][-]{section*.17}{\376\377\000E\000t\000h\000i\000c\000a\000l\000\040\000S\000t\000a\000t\000e\000m\000e\000n\000t}{subsection.4.10}% 41
\BOOKMARK [3][-]{section*.18}{\376\377\000A\000c\000k\000n\000o\000w\000l\000e\000d\000g\000e\000m\000e\000n\000t\000s}{subsection.4.10}% 42
\BOOKMARK [3][-]{section*.19}{\376\377\000C\000o\000n\000t\000r\000i\000b\000u\000t\000i\000o\000n\000\040\000S\000t\000a\000t\000e\000m\000e\000n\000t}{subsection.4.10}% 43
\BOOKMARK [3][-]{section*.20}{\376\377\000R\000e\000f\000e\000r\000e\000n\000c\000e\000s}{subsection.4.10}% 44
\BOOKMARK [3][-]{section*.21}{\376\377\000O\000r\000d\000e\000r\000\040\000o\000f\000\040\000S\000e\000c\000t\000i\000o\000n\000s}{subsection.4.10}% 45
\BOOKMARK [2][-]{subsection.4.11}{\376\377\000C\000i\000t\000a\000t\000i\000o\000n\000s}{section.4}% 46
\BOOKMARK [2][-]{subsection.4.12}{\376\377\000F\000o\000o\000t\000n\000o\000t\000e\000s}{section.4}% 47
\BOOKMARK [1][-]{section.5}{\376\377\000I\000l\000l\000u\000s\000t\000r\000a\000t\000i\000o\000n\000s}{}% 48
\BOOKMARK [1][-]{section.6}{\376\377\000T\000a\000b\000l\000e\000s}{}% 49
\BOOKMARK [1][-]{section.7}{\376\377\000F\000o\000r\000m\000u\000l\000a\000s}{}% 50
\BOOKMARK [1][-]{section.8}{\376\377\000E\000x\000a\000m\000p\000l\000e\000s\000,\000\040\000D\000e\000f\000i\000n\000i\000t\000i\000o\000n\000s\000,\000\040\000T\000h\000e\000o\000r\000e\000m\000s\000\040\000a\000n\000d\000\040\000S\000i\000m\000i\000l\000a\000r}{}% 51
\BOOKMARK [1][-]{section.9}{\376\377\000P\000r\000o\000o\000f\000s}{}% 52
\BOOKMARK [1][-]{section.10}{\376\377\000A\000l\000g\000o\000r\000i\000t\000h\000m\000s\000\040\000a\000n\000d\000\040\000L\000i\000s\000t\000i\000n\000g\000s}{}% 53
\BOOKMARK [1][-]{section.11}{\376\377\000L\000a\000T\000e\000X\000\040\000a\000n\000d\000\040\000W\000o\000r\000d\000\040\000S\000t\000y\000l\000e\000\040\000F\000i\000l\000e\000s}{}% 54
